{"level":"info","msg":"✅ Node started successfully and joined the network","time":"25 Aug 25 08:59 +07"}
{"level":"info","msg":"Starting HTTP server...","time":"25 Aug 25 08:59 +07"}
{"level":"info","msg":"🚀 Server running... Press Ctrl+C to shutdown.","time":"25 Aug 25 08:59 +07"}
{"level":"info","msg":"🌐 Serving JSON-RPC over HTTP at 0.0.0.0:9050","time":"25 Aug 25 08:59 +07"}
{"level":"info","msg":"HandleGetBlocksByHeightRange Executed...","time":"25 Aug 25 08:59 +07"}
{"level":"info","msg":"Broadcasting header request to all peers","time":"25 Aug 25 08:59 +07"}
{"level":"warning","msg":"No peers available to broadcast header request","time":"25 Aug 25 08:59 +07"}
{"level":"info","msg":"Network is synced with local height","time":"25 Aug 25 08:59 +07"}
{"level":"info","msg":"HandleGetBlocksByHeightRange Executed...","time":"25 Aug 25 09:00 +07"}
{"level":"info","msg":"HandleGetBlocksByHeightRange Executed...","time":"25 Aug 25 09:01 +07"}
{"level":"info","msg":"HandleGetBlocksByHeightRange Executed...","time":"25 Aug 25 09:02 +07"}
{"level":"info","msg":"HandleGetBlocksByHeightRange Executed...","time":"25 Aug 25 09:03 +07"}
{"level":"info","msg":"HandleGetBlocksByHeightRange Executed...","time":"25 Aug 25 09:04 +07"}
{"level":"info","msg":"HandleGetBlocksByHeightRange Executed...","time":"25 Aug 25 09:05 +07"}
{"level":"info","msg":"HandleGetBlocksByHeightRange Executed...","time":"25 Aug 25 09:06 +07"}
{"level":"info","msg":"HandleGetBlocksByHeightRange Executed...","time":"25 Aug 25 09:07 +07"}
{"level":"info","msg":"HandleGetBlocksByHeightRange Executed...","time":"25 Aug 25 09:08 +07"}
{"level":"info","msg":"HandleGetBlocksByHeightRange Executed...","time":"25 Aug 25 09:09 +07"}
{"level":"info","msg":"HandleGetBlocksByHeightRange Executed...","time":"25 Aug 25 09:10 +07"}
{"level":"info","msg":"HandleGetBlocksByHeightRange Executed...","time":"25 Aug 25 09:11 +07"}
{"level":"info","msg":"HandleGetBlocksByHeightRange Executed...","time":"25 Aug 25 09:12 +07"}
{"level":"info","msg":"HandleGetBlocksByHeightRange Executed...","time":"25 Aug 25 09:13 +07"}
{"level":"info","msg":"HandleGetBlocksByHeightRange Executed...","time":"25 Aug 25 09:14 +07"}
{"level":"info","msg":"HandleGetBlocksByHeightRange Executed...","time":"25 Aug 25 09:15 +07"}
{"level":"info","msg":"HandleGetBlocksByHeightRange Executed...","time":"25 Aug 25 09:16 +07"}
{"level":"info","msg":"HandleGetBlocksByHeightRange Executed...","time":"25 Aug 25 09:17 +07"}
{"level":"info","msg":"HandleGetBlocksByHeightRange Executed...","time":"25 Aug 25 09:18 +07"}
{"level":"info","msg":"HandleGetBlocksByHeightRange Executed...","time":"25 Aug 25 09:19 +07"}
{"level":"info","msg":"HandleGetBlocksByHeightRange Executed...","time":"25 Aug 25 09:20 +07"}
{"level":"info","msg":"HandleGetBlocksByHeightRange Executed...","time":"25 Aug 25 09:21 +07"}
{"level":"info","msg":"HandleGetBlocksByHeightRange Executed...","time":"25 Aug 25 09:22 +07"}
{"level":"info","msg":"HandleGetBlocksByHeightRange Executed...","time":"25 Aug 25 09:23 +07"}
{"level":"info","msg":"HandleGetBlocksByHeightRange Executed...","time":"25 Aug 25 09:24 +07"}
{"level":"info","msg":"HandleGetBlocksByHeightRange Executed...","time":"25 Aug 25 09:25 +07"}
{"level":"info","msg":"HandleGetBlocksByHeightRange Executed...","time":"25 Aug 25 09:26 +07"}
{"level":"info","msg":"HandleGetBlocksByHeightRange Executed...","time":"25 Aug 25 09:27 +07"}
{"level":"info","msg":"HandleGetBlocksByHeightRange Executed...","time":"25 Aug 25 09:28 +07"}
{"level":"info","msg":"HandleGetBlocksByHeightRange Executed...","time":"25 Aug 25 09:29 +07"}
{"level":"info","msg":"HandleGetBlocksByHeightRange Executed...","time":"25 Aug 25 09:30 +07"}
{"level":"info","msg":"HandleGetBlocksByHeightRange Executed...","time":"25 Aug 25 09:31 +07"}
{"level":"info","msg":"HandleGetBlocksByHeightRange Executed...","time":"25 Aug 25 09:32 +07"}
{"level":"info","msg":"HandleGetBlocksByHeightRange Executed...","time":"25 Aug 25 09:33 +07"}
{"level":"info","msg":"HandleGetBlocksByHeightRange Executed...","time":"25 Aug 25 09:34 +07"}
{"level":"info","msg":"HandleGetBlocksByHeightRange Executed...","time":"25 Aug 25 09:35 +07"}
{"level":"info","msg":"HandleGetBlocksByHeightRange Executed...","time":"25 Aug 25 09:36 +07"}
{"level":"info","msg":"HandleGetBlocksByHeightRange Executed...","time":"25 Aug 25 09:39 +07"}
{"level":"info","msg":"HandleGetBlocksByHeightRange Executed...","time":"25 Aug 25 09:40 +07"}
{"level":"info","msg":"HandleGetBlocksByHeightRange Executed...","time":"25 Aug 25 09:41 +07"}
{"level":"info","msg":"HandleGetBlocksByHeightRange Executed...","time":"25 Aug 25 09:42 +07"}
{"level":"info","msg":"HandleGetBlocksByHeightRange Executed...","time":"25 Aug 25 09:43 +07"}
{"level":"info","msg":"HandleGetBlocksByHeightRange Executed...","time":"25 Aug 25 09:44 +07"}
{"level":"info","msg":"HandleGetBlocksByHeightRange Executed...","time":"25 Aug 25 09:45 +07"}
{"level":"info","msg":"HandleGetBlocksByHeightRange Executed...","time":"25 Aug 25 09:46 +07"}
{"level":"info","msg":"HandleGetBlocksByHeightRange Executed...","time":"25 Aug 25 09:47 +07"}
{"level":"info","msg":"HandleGetBlocksByHeightRange Executed...","time":"25 Aug 25 09:48 +07"}
{"level":"info","msg":"HandleGetBlocksByHeightRange Executed...","time":"25 Aug 25 09:49 +07"}
{"level":"info","msg":"HandleGetBlocksByHeightRange Executed...","time":"25 Aug 25 09:50 +07"}
{"level":"info","msg":"HandleGetBlocksByHeightRange Executed...","time":"25 Aug 25 09:51 +07"}
{"level":"info","msg":"HandleGetBlocksByHeightRange Executed...","time":"25 Aug 25 09:52 +07"}
{"level":"info","msg":"HandleGetBlocksByHeightRange Executed...","time":"25 Aug 25 09:53 +07"}
{"level":"info","msg":"HandleGetBlocksByHeightRange Executed...","time":"25 Aug 25 09:54 +07"}
{"level":"info","msg":"HandleGetBlocksByHeightRange Executed...","time":"25 Aug 25 09:55 +07"}
{"level":"info","msg":"HandleGetBlocksByHeightRange Executed...","time":"25 Aug 25 09:56 +07"}
{"level":"info","msg":"HandleGetBlocksByHeightRange Executed...","time":"25 Aug 25 09:57 +07"}
{"level":"info","msg":"HandleGetBlocksByHeightRange Executed...","time":"25 Aug 25 09:58 +07"}
{"level":"info","msg":"HandleGetBlocksByHeightRange Executed...","time":"25 Aug 25 09:59 +07"}
{"level":"info","msg":"HandleGetBlocksByHeightRange Executed...","time":"25 Aug 25 10:00 +07"}
{"level":"info","msg":"HandleGetBlocksByHeightRange Executed...","time":"25 Aug 25 10:01 +07"}
{"level":"info","msg":"HandleGetBlocksByHeightRange Executed...","time":"25 Aug 25 10:02 +07"}
{"level":"info","msg":"HandleGetBlocksByHeightRange Executed...","time":"25 Aug 25 10:03 +07"}
{"level":"info","msg":"HandleGetBlocksByHeightRange Executed...","time":"25 Aug 25 10:04 +07"}
{"level":"info","msg":"HandleGetBlocksByHeightRange Executed...","time":"25 Aug 25 10:05 +07"}
{"level":"info","msg":"HandleGetBlocksByHeightRange Executed...","time":"25 Aug 25 10:06 +07"}
{"level":"info","msg":"HandleGetBlocksByHeightRange Executed...","time":"25 Aug 25 10:07 +07"}
{"level":"info","msg":"HandleGetBlocksByHeightRange Executed...","time":"25 Aug 25 10:08 +07"}
{"level":"info","msg":"HandleGetBlocksByHeightRange Executed...","time":"25 Aug 25 10:09 +07"}
{"level":"info","msg":"HandleGetBlocksByHeightRange Executed...","time":"25 Aug 25 10:10 +07"}
{"level":"info","msg":"HandleGetBlocksByHeightRange Executed...","time":"25 Aug 25 10:11 +07"}
{"level":"info","msg":"HandleGetBlocksByHeightRange Executed...","time":"25 Aug 25 10:12 +07"}
{"level":"info","msg":"HandleGetBlocksByHeightRange Executed...","time":"25 Aug 25 10:13 +07"}
{"level":"info","msg":"HandleGetBlocksByHeightRange Executed...","time":"25 Aug 25 10:14 +07"}
{"level":"info","msg":"HandleGetBlocksByHeightRange Executed...","time":"25 Aug 25 10:15 +07"}
{"level":"info","msg":"HandleGetBlocksByHeightRange Executed...","time":"25 Aug 25 10:16 +07"}
{"level":"info","msg":"HandleGetBlocksByHeightRange Executed...","time":"25 Aug 25 10:17 +07"}
{"level":"info","msg":"HandleGetBlocksByHeightRange Executed...","time":"25 Aug 25 10:18 +07"}
{"level":"info","msg":"HandleGetBlocksByHeightRange Executed...","time":"25 Aug 25 10:19 +07"}
{"level":"info","msg":"HandleGetBlocksByHeightRange Executed...","time":"25 Aug 25 10:20 +07"}
{"level":"info","msg":"HandleGetBlocksByHeightRange Executed...","time":"25 Aug 25 10:21 +07"}
{"level":"info","msg":"HandleGetBlocksByHeightRange Executed...","time":"25 Aug 25 10:22 +07"}
{"level":"info","msg":"HandleGetBlocksByHeightRange Executed...","time":"25 Aug 25 10:23 +07"}
{"level":"info","msg":"HandleGetBlocksByHeightRange Executed...","time":"25 Aug 25 10:24 +07"}
{"level":"info","msg":"HandleGetBlocksByHeightRange Executed...","time":"25 Aug 25 10:25 +07"}
{"level":"info","msg":"HandleGetBlocksByHeightRange Executed...","time":"25 Aug 25 10:26 +07"}
{"level":"info","msg":"HandleGetBlocksByHeightRange Executed...","time":"25 Aug 25 10:27 +07"}
{"level":"info","msg":"HandleGetBlocksByHeightRange Executed...","time":"25 Aug 25 10:28 +07"}
{"level":"info","msg":"HandleGetBlocksByHeightRange Executed...","time":"25 Aug 25 10:29 +07"}
{"level":"info","msg":"HandleGetBlocksByHeightRange Executed...","time":"25 Aug 25 10:30 +07"}
{"level":"info","msg":"HandleGetBlocksByHeightRange Executed...","time":"25 Aug 25 10:31 +07"}
{"level":"info","msg":"HandleGetBlocksByHeightRange Executed...","time":"25 Aug 25 10:32 +07"}
{"level":"info","msg":"HandleGetBlocksByHeightRange Executed...","time":"25 Aug 25 10:33 +07"}
{"level":"info","msg":"HandleGetBlocksByHeightRange Executed...","time":"25 Aug 25 10:34 +07"}
{"level":"info","msg":"HandleGetBlocksByHeightRange Executed...","time":"25 Aug 25 10:35 +07"}
{"level":"info","msg":"HandleGetBlocksByHeightRange Executed...","time":"25 Aug 25 10:36 +07"}
{"level":"info","msg":"HandleGetBlocksByHeightRange Executed...","time":"25 Aug 25 10:37 +07"}
{"level":"info","msg":"HandleGetBlocksByHeightRange Executed...","time":"25 Aug 25 10:38 +07"}
{"level":"info","msg":"HandleGetBlocksByHeightRange Executed...","time":"25 Aug 25 10:39 +07"}
{"level":"info","msg":"HandleGetBlocksByHeightRange Executed...","time":"25 Aug 25 10:40 +07"}
{"level":"info","msg":"HandleGetBlocksByHeightRange Executed...","time":"25 Aug 25 10:41 +07"}
{"level":"info","msg":"HandleGetBlocksByHeightRange Executed...","time":"25 Aug 25 10:42 +07"}
{"level":"info","msg":"HandleGetBlocksByHeightRange Executed...","time":"25 Aug 25 10:43 +07"}
{"level":"info","msg":"HandleGetBlocksByHeightRange Executed...","time":"25 Aug 25 10:44 +07"}
{"level":"info","msg":"HandleGetBlocksByHeightRange Executed...","time":"25 Aug 25 10:45 +07"}
{"level":"info","msg":"HandleGetBlocksByHeightRange Executed...","time":"25 Aug 25 10:46 +07"}
{"level":"info","msg":"HandleGetBlocksByHeightRange Executed...","time":"25 Aug 25 10:47 +07"}
{"level":"info","msg":"HandleGetBlocksByHeightRange Executed...","time":"25 Aug 25 10:48 +07"}
{"level":"info","msg":"HandleGetBlocksByHeightRange Executed...","time":"25 Aug 25 10:49 +07"}
{"level":"info","msg":"HandleGetBlocksByHeightRange Executed...","time":"25 Aug 25 10:50 +07"}
{"level":"info","msg":"HandleGetBlocksByHeightRange Executed...","time":"25 Aug 25 10:51 +07"}
{"level":"info","msg":"HandleGetBlocksByHeightRange Executed...","time":"25 Aug 25 10:52 +07"}
{"level":"info","msg":"HandleGetBlocksByHeightRange Executed...","time":"25 Aug 25 10:53 +07"}
{"level":"info","msg":"HandleGetBlocksByHeightRange Executed...","time":"25 Aug 25 10:54 +07"}
{"level":"info","msg":"HandleGetBlocksByHeightRange Executed...","time":"25 Aug 25 10:55 +07"}
{"level":"info","msg":"HandleGetBlocksByHeightRange Executed...","time":"25 Aug 25 10:56 +07"}
{"level":"info","msg":"HandleGetBlocksByHeightRange Executed...","time":"25 Aug 25 10:57 +07"}
{"level":"info","msg":"HandleGetBlocksByHeightRange Executed...","time":"25 Aug 25 10:58 +07"}
{"level":"info","msg":"HandleGetBlocksByHeightRange Executed...","time":"25 Aug 25 10:59 +07"}
{"level":"info","msg":"HandleGetBlocksByHeightRange Executed...","time":"25 Aug 25 11:00 +07"}
{"level":"info","msg":"HandleGetBlocksByHeightRange Executed...","time":"25 Aug 25 11:01 +07"}
{"level":"info","msg":"HandleGetBlocksByHeightRange Executed...","time":"25 Aug 25 11:02 +07"}
{"level":"info","msg":"HandleGetBlocksByHeightRange Executed...","time":"25 Aug 25 11:03 +07"}
{"level":"info","msg":"HandleGetBlocksByHeightRange Executed...","time":"25 Aug 25 11:04 +07"}
{"level":"info","msg":"HandleGetBlocksByHeightRange Executed...","time":"25 Aug 25 11:05 +07"}
{"level":"info","msg":"HandleGetBlocksByHeightRange Executed...","time":"25 Aug 25 11:06 +07"}
{"level":"info","msg":"HandleGetBlocksByHeightRange Executed...","time":"25 Aug 25 11:07 +07"}
{"level":"info","msg":"HandleGetBlocksByHeightRange Executed...","time":"25 Aug 25 11:08 +07"}
{"level":"info","msg":"HandleGetBlocksByHeightRange Executed...","time":"25 Aug 25 11:09 +07"}
{"level":"info","msg":"HandleGetBlocksByHeightRange Executed...","time":"25 Aug 25 11:10 +07"}
{"level":"info","msg":"HandleGetBlocksByHeightRange Executed...","time":"25 Aug 25 11:11 +07"}
{"level":"info","msg":"HandleGetBlocksByHeightRange Executed...","time":"25 Aug 25 11:12 +07"}
{"level":"info","msg":"HandleGetBlocksByHeightRange Executed...","time":"25 Aug 25 11:13 +07"}
{"level":"info","msg":"HandleGetBlocksByHeightRange Executed...","time":"25 Aug 25 11:14 +07"}
{"level":"info","msg":"HandleGetBlocksByHeightRange Executed...","time":"25 Aug 25 11:15 +07"}
{"level":"info","msg":"HandleGetBlocksByHeightRange Executed...","time":"25 Aug 25 11:16 +07"}
{"level":"info","msg":"HandleGetBlocksByHeightRange Executed...","time":"25 Aug 25 11:17 +07"}
{"level":"info","msg":"HandleGetBlocksByHeightRange Executed...","time":"25 Aug 25 11:18 +07"}
{"level":"info","msg":"HandleGetBlocksByHeightRange Executed...","time":"25 Aug 25 11:19 +07"}
{"level":"info","msg":"HandleGetBlocksByHeightRange Executed...","time":"25 Aug 25 11:20 +07"}
{"level":"info","msg":"HandleGetBlocksByHeightRange Executed...","time":"25 Aug 25 11:21 +07"}
{"level":"info","msg":"HandleGetBlocksByHeightRange Executed...","time":"25 Aug 25 11:22 +07"}
{"level":"info","msg":"HandleGetBlocksByHeightRange Executed...","time":"25 Aug 25 11:23 +07"}
{"level":"info","msg":"HandleGetBlocksByHeightRange Executed...","time":"25 Aug 25 11:24 +07"}
{"level":"info","msg":"HandleGetBlocksByHeightRange Executed...","time":"25 Aug 25 11:25 +07"}
{"level":"info","msg":"HandleGetBlocksByHeightRange Executed...","time":"25 Aug 25 11:26 +07"}
{"level":"info","msg":"HandleGetBlocksByHeightRange Executed...","time":"25 Aug 25 11:27 +07"}
{"level":"info","msg":"HandleGetBlocksByHeightRange Executed...","time":"25 Aug 25 11:28 +07"}
{"level":"info","msg":"HandleGetBlocksByHeightRange Executed...","time":"25 Aug 25 11:29 +07"}
{"level":"info","msg":"HandleGetBlocksByHeightRange Executed...","time":"25 Aug 25 11:30 +07"}
{"level":"info","msg":"HandleGetBlocksByHeightRange Executed...","time":"25 Aug 25 11:31 +07"}
{"level":"info","msg":"HandleGetBlocksByHeightRange Executed...","time":"25 Aug 25 11:32 +07"}
{"level":"info","msg":"HandleGetBlocksByHeightRange Executed...","time":"25 Aug 25 11:33 +07"}
{"level":"info","msg":"HandleGetBlocksByHeightRange Executed...","time":"25 Aug 25 11:34 +07"}
{"level":"info","msg":"HandleGetBlocksByHeightRange Executed...","time":"25 Aug 25 11:35 +07"}
{"level":"info","msg":"HandleGetBlocksByHeightRange Executed...","time":"25 Aug 25 11:36 +07"}
{"level":"info","msg":"HandleGetBlocksByHeightRange Executed...","time":"25 Aug 25 11:37 +07"}
{"level":"info","msg":"HandleGetBlocksByHeightRange Executed...","time":"25 Aug 25 11:38 +07"}
{"level":"info","msg":"HandleGetBlocksByHeightRange Executed...","time":"25 Aug 25 11:39 +07"}
{"level":"info","msg":"HandleGetBlocksByHeightRange Executed...","time":"25 Aug 25 11:40 +07"}
{"level":"info","msg":"HandleGetBlocksByHeightRange Executed...","time":"25 Aug 25 11:41 +07"}
{"level":"info","msg":"HandleGetBlocksByHeightRange Executed...","time":"25 Aug 25 11:42 +07"}
{"level":"info","msg":"HandleGetBlocksByHeightRange Executed...","time":"25 Aug 25 11:43 +07"}
{"level":"info","msg":"HandleGetBlocksByHeightRange Executed...","time":"25 Aug 25 11:44 +07"}
{"level":"info","msg":"HandleGetBlocksByHeightRange Executed...","time":"25 Aug 25 11:45 +07"}
{"level":"info","msg":"HandleGetBlocksByHeightRange Executed...","time":"25 Aug 25 11:46 +07"}
{"level":"info","msg":"HandleGetBlocksByHeightRange Executed...","time":"25 Aug 25 11:47 +07"}
{"level":"info","msg":"HandleGetBlocksByHeightRange Executed...","time":"25 Aug 25 11:48 +07"}
{"level":"info","msg":"HandleGetBlocksByHeightRange Executed...","time":"25 Aug 25 11:49 +07"}
{"level":"info","msg":"HandleGetBlocksByHeightRange Executed...","time":"25 Aug 25 11:50 +07"}
{"level":"info","msg":"HandleGetBlocksByHeightRange Executed...","time":"25 Aug 25 11:51 +07"}
{"level":"info","msg":"HandleGetBlocksByHeightRange Executed...","time":"25 Aug 25 11:52 +07"}
{"level":"warning","msg":"🛑 Server shutting down...","time":"25 Aug 25 11:52 +07"}
{"level":"info","msg":"✅ Database closed successfully.","time":"25 Aug 25 11:52 +07"}
